<?xml version="1.0" encoding="UTF-8"?>
<!-- Generated by org.testng.reporters.JUnitXMLReporter -->
<testsuite ignored="0" hostname="DESKTOP-15AVCL2" failures="0" tests="3" name="ChromeTest" time="8.213" errors="0" timestamp="2025-05-22T21:23:20 IST">
  <testcase classname="testCase.LandingPageTest2" name="test2" time="2.711"/>
  <testcase classname="testCase.LandingPageTest2" name="test1" time="4.427"/>
  <testcase classname="testCase.YoutubeTest" name="test1" time="0.425"/>
</testsuite> <!-- ChromeTest -->
