<?xml version="1.0" encoding="UTF-8"?>
<!-- Generated by org.testng.reporters.JUnitXMLReporter -->
<testsuite ignored="0" hostname="DESKTOP-15AVCL2" failures="0" tests="3" name="EdgeTest" time="16.775" errors="0" timestamp="2025-05-22T21:23:11 IST">
  <testcase classname="testCase.LandingPageTest2" name="test1" time="5.731"/>
  <testcase classname="testCase.LandingPageTest2" name="test2" time="5.808"/>
  <testcase classname="testCase.YoutubeTest" name="test1" time="0.171"/>
</testsuite> <!-- EdgeTest -->
