<?xml version="1.0" encoding="UTF-8"?>
<!-- Generated by org.testng.reporters.JUnitXMLReporter -->
<testsuite ignored="0" hostname="DESKTOP-15AVCL2" failures="0" tests="3" name="EdgeTest" time="22.587" errors="0" timestamp="2025-05-22T11:48:42 IST">
  <testcase classname="testCase.LandingPageTest" name="test1" time="3.008"/>
  <testcase classname="testCase.LandingPageTest" name="test2" time="2.282"/>
  <testcase classname="testCase.YoutubeTest" name="test1" time="1.16"/>
</testsuite> <!-- EdgeTest -->
