<?xml version="1.0" encoding="UTF-8"?>
<!-- Generated by org.testng.reporters.JUnitReportReporter -->
<testsuite hostname="DESKTOP-15AVCL2" failures="0" tests="4" name="testCase.LandingPageTest2" time="31.241" errors="0" timestamp="2025-05-22T21:23:20 IST" skipped="0">
  <testcase classname="testCase.LandingPageTest2" name="test2" time="3.866"/>
  <testcase classname="testCase.LandingPageTest2" name="test2" time="10.811"/>
  <testcase classname="testCase.LandingPageTest2" name="test1" time="5.680"/>
  <testcase classname="testCase.LandingPageTest2" name="test1" time="10.884"/>
</testsuite> <!-- testCase.LandingPageTest2 -->
