<?xml version="1.0" encoding="UTF-8"?>
<!-- Generated by org.testng.reporters.JUnitReportReporter -->
<testsuite hostname="DESKTOP-15AVCL2" failures="0" tests="2" name="testCase.TestParallelMethods" time="18.766" errors="0" timestamp="2025-05-22T20:50:43 IST" skipped="0">
  <testcase classname="testCase.TestParallelMethods" name="testAmazonLogo" time="9.245"/>
  <testcase classname="testCase.TestParallelMethods" name="testTrendingText" time="9.521"/>
</testsuite> <!-- testCase.TestParallelMethods -->
