<?xml version="1.0" encoding="UTF-8"?>
<!-- Generated by org.testng.reporters.JUnitReportReporter -->
<testsuite hostname="DESKTOP-15AVCL2" failures="0" tests="4" name="testCase.LandingPageTest" time="7.553" errors="0" timestamp="2025-05-20T00:12:21 IST" skipped="0">
  <testcase classname="testCase.LandingPageTest" name="test1" time="3.794"/>
  <testcase classname="testCase.LandingPageTest" name="test1" time="3.018"/>
  <testcase classname="testCase.LandingPageTest" name="test2" time="0.228"/>
  <testcase classname="testCase.LandingPageTest" name="test2" time="0.513"/>
</testsuite> <!-- testCase.LandingPageTest -->
