<?xml version="1.0" encoding="UTF-8"?>
<testng-results ignored="0" total="3" passed="3" failed="0" skipped="0">
  <reporter-output>
  </reporter-output>
  <suite started-at="2025-05-22T11:48:20 IST" name="AmazonSuite" finished-at="2025-05-22T11:48:42 IST" duration-ms="22587">
    <groups>
    </groups>
    <test started-at="2025-05-22T11:48:20 IST" name="EdgeTest" finished-at="2025-05-22T11:48:42 IST" duration-ms="22587">
      <class name="testCase.LandingPageTest">
        <test-method is-config="true" signature="setup(java.lang.String)[pri:0, instance:testCase.LandingPageTest@7c7a06ec]" started-at="2025-05-22T11:48:20 IST" name="setup" finished-at="2025-05-22T11:48:23 IST" duration-ms="2791" status="PASS">
          <params>
            <param index="0">
              <value>
                <![CDATA[edge]]>
              </value>
            </param>
          </params>
          <reporter-output>
          </reporter-output>
        </test-method> <!-- setup -->
        <test-method is-config="true" signature="beforeMethodInit(java.lang.reflect.Method)[pri:0, instance:testCase.LandingPageTest@7c7a06ec]" started-at="2025-05-22T11:48:23 IST" name="beforeMethodInit" finished-at="2025-05-22T11:48:23 IST" duration-ms="16" status="PASS">
          <params>
            <param index="0">
              <value>
                <![CDATA[public void testCase.LandingPageTest.test1()]]>
              </value>
            </param>
          </params>
          <reporter-output>
          </reporter-output>
        </test-method> <!-- beforeMethodInit -->
        <test-method is-config="true" signature="setupURL()[pri:0, instance:testCase.LandingPageTest@7c7a06ec]" started-at="2025-05-22T11:48:23 IST" name="setupURL" finished-at="2025-05-22T11:48:26 IST" duration-ms="3522" status="PASS">
          <reporter-output>
          </reporter-output>
        </test-method> <!-- setupURL -->
        <test-method signature="test1()[pri:0, instance:testCase.LandingPageTest@7c7a06ec]" started-at="2025-05-22T11:48:26 IST" name="test1" finished-at="2025-05-22T11:48:29 IST" duration-ms="3008" status="PASS">
          <reporter-output>
          </reporter-output>
        </test-method> <!-- test1 -->
        <test-method is-config="true" signature="tearDown(org.testng.ITestResult)[pri:0, instance:testCase.LandingPageTest@7c7a06ec]" started-at="2025-05-22T11:48:29 IST" name="tearDown" finished-at="2025-05-22T11:48:30 IST" duration-ms="753" status="PASS">
          <params>
            <param index="0">
              <value>
                <![CDATA[[TestResult name=test1 status=SUCCESS method=LandingPageTest.test1()[pri:0, instance:testCase.LandingPageTest@7c7a06ec] output={null}]]]>
              </value>
            </param>
          </params>
          <reporter-output>
          </reporter-output>
        </test-method> <!-- tearDown -->
        <test-method is-config="true" signature="beforeMethodInit(java.lang.reflect.Method)[pri:0, instance:testCase.LandingPageTest@7c7a06ec]" started-at="2025-05-22T11:48:30 IST" name="beforeMethodInit" finished-at="2025-05-22T11:48:30 IST" duration-ms="3" status="PASS">
          <params>
            <param index="0">
              <value>
                <![CDATA[public void testCase.LandingPageTest.test2()]]>
              </value>
            </param>
          </params>
          <reporter-output>
          </reporter-output>
        </test-method> <!-- beforeMethodInit -->
        <test-method is-config="true" signature="setupURL()[pri:0, instance:testCase.LandingPageTest@7c7a06ec]" started-at="2025-05-22T11:48:30 IST" name="setupURL" finished-at="2025-05-22T11:48:33 IST" duration-ms="2343" status="PASS">
          <reporter-output>
          </reporter-output>
        </test-method> <!-- setupURL -->
        <test-method signature="test2()[pri:0, instance:testCase.LandingPageTest@7c7a06ec]" started-at="2025-05-22T11:48:33 IST" name="test2" finished-at="2025-05-22T11:48:35 IST" duration-ms="2282" status="PASS">
          <reporter-output>
          </reporter-output>
        </test-method> <!-- test2 -->
        <test-method is-config="true" signature="tearDown(org.testng.ITestResult)[pri:0, instance:testCase.LandingPageTest@7c7a06ec]" started-at="2025-05-22T11:48:35 IST" name="tearDown" finished-at="2025-05-22T11:48:35 IST" duration-ms="69" status="PASS">
          <params>
            <param index="0">
              <value>
                <![CDATA[[TestResult name=test2 status=SUCCESS method=LandingPageTest.test2()[pri:0, instance:testCase.LandingPageTest@7c7a06ec] output={null}]]]>
              </value>
            </param>
          </params>
          <reporter-output>
          </reporter-output>
        </test-method> <!-- tearDown -->
        <test-method is-config="true" signature="tearDown()[pri:0, instance:testCase.LandingPageTest@7c7a06ec]" started-at="2025-05-22T11:48:35 IST" name="tearDown" finished-at="2025-05-22T11:48:35 IST" duration-ms="354" status="PASS">
          <reporter-output>
          </reporter-output>
        </test-method> <!-- tearDown -->
      </class> <!-- testCase.LandingPageTest -->
      <class name="testCase.YoutubeTest">
        <test-method is-config="true" signature="setup(java.lang.String)[pri:0, instance:testCase.YoutubeTest@6150c3ec]" started-at="2025-05-22T11:48:35 IST" name="setup" finished-at="2025-05-22T11:48:37 IST" duration-ms="1218" status="PASS">
          <params>
            <param index="0">
              <value>
                <![CDATA[edge]]>
              </value>
            </param>
          </params>
          <reporter-output>
          </reporter-output>
        </test-method> <!-- setup -->
        <test-method is-config="true" signature="beforeMethodInit(java.lang.reflect.Method)[pri:0, instance:testCase.YoutubeTest@6150c3ec]" started-at="2025-05-22T11:48:37 IST" name="beforeMethodInit" finished-at="2025-05-22T11:48:37 IST" duration-ms="2" status="PASS">
          <params>
            <param index="0">
              <value>
                <![CDATA[public void testCase.YoutubeTest.test1()]]>
              </value>
            </param>
          </params>
          <reporter-output>
          </reporter-output>
        </test-method> <!-- beforeMethodInit -->
        <test-method is-config="true" signature="setupURL()[pri:0, instance:testCase.YoutubeTest@6150c3ec]" started-at="2025-05-22T11:48:37 IST" name="setupURL" finished-at="2025-05-22T11:48:41 IST" duration-ms="4221" status="PASS">
          <reporter-output>
          </reporter-output>
        </test-method> <!-- setupURL -->
        <test-method signature="test1()[pri:0, instance:testCase.YoutubeTest@6150c3ec]" started-at="2025-05-22T11:48:41 IST" name="test1" finished-at="2025-05-22T11:48:42 IST" duration-ms="1160" status="PASS">
          <reporter-output>
          </reporter-output>
        </test-method> <!-- test1 -->
        <test-method is-config="true" signature="tearDown(org.testng.ITestResult)[pri:0, instance:testCase.YoutubeTest@6150c3ec]" started-at="2025-05-22T11:48:42 IST" name="tearDown" finished-at="2025-05-22T11:48:42 IST" duration-ms="84" status="PASS">
          <params>
            <param index="0">
              <value>
                <![CDATA[[TestResult name=test1 status=SUCCESS method=YoutubeTest.test1()[pri:0, instance:testCase.YoutubeTest@6150c3ec] output={null}]]]>
              </value>
            </param>
          </params>
          <reporter-output>
          </reporter-output>
        </test-method> <!-- tearDown -->
        <test-method is-config="true" signature="tearDown()[pri:0, instance:testCase.YoutubeTest@6150c3ec]" started-at="2025-05-22T11:48:42 IST" name="tearDown" finished-at="2025-05-22T11:48:42 IST" duration-ms="335" status="PASS">
          <reporter-output>
          </reporter-output>
        </test-method> <!-- tearDown -->
      </class> <!-- testCase.YoutubeTest -->
    </test> <!-- EdgeTest -->
  </suite> <!-- AmazonSuite -->
</testng-results>
