<?xml version="1.0" encoding="UTF-8"?>
<testng-results ignored="0" total="3" passed="3" failed="0" skipped="0">
  <reporter-output>
  </reporter-output>
  <suite started-at="2025-05-22T15:14:17 IST" name="AmazonSuite" finished-at="2025-05-22T15:14:41 IST" duration-ms="23420">
    <groups>
    </groups>
    <test started-at="2025-05-22T15:14:17 IST" name="EdgeTest" finished-at="2025-05-22T15:14:41 IST" duration-ms="23420">
      <class name="testCase.LandingPageTest">
        <test-method is-config="true" signature="setup(java.lang.String)[pri:0, instance:testCase.LandingPageTest@7c7a06ec]" started-at="2025-05-22T15:14:18 IST" name="setup" finished-at="2025-05-22T15:14:20 IST" duration-ms="2696" status="PASS">
          <params>
            <param index="0">
              <value>
                <![CDATA[edge]]>
              </value>
            </param>
          </params>
          <reporter-output>
          </reporter-output>
        </test-method> <!-- setup -->
        <test-method is-config="true" signature="beforeMethodInit(java.lang.reflect.Method)[pri:0, instance:testCase.LandingPageTest@7c7a06ec]" started-at="2025-05-22T15:14:20 IST" name="beforeMethodInit" finished-at="2025-05-22T15:14:20 IST" duration-ms="17" status="PASS">
          <params>
            <param index="0">
              <value>
                <![CDATA[public void testCase.LandingPageTest.test1()]]>
              </value>
            </param>
          </params>
          <reporter-output>
          </reporter-output>
        </test-method> <!-- beforeMethodInit -->
        <test-method is-config="true" signature="setupURL()[pri:0, instance:testCase.LandingPageTest@7c7a06ec]" started-at="2025-05-22T15:14:20 IST" name="setupURL" finished-at="2025-05-22T15:14:24 IST" duration-ms="3458" status="PASS">
          <reporter-output>
          </reporter-output>
        </test-method> <!-- setupURL -->
        <test-method signature="test1()[pri:0, instance:testCase.LandingPageTest@7c7a06ec]" started-at="2025-05-22T15:14:24 IST" name="test1" finished-at="2025-05-22T15:14:28 IST" duration-ms="3690" status="PASS">
          <reporter-output>
          </reporter-output>
        </test-method> <!-- test1 -->
        <test-method is-config="true" signature="tearDown(org.testng.ITestResult)[pri:0, instance:testCase.LandingPageTest@7c7a06ec]" started-at="2025-05-22T15:14:28 IST" name="tearDown" finished-at="2025-05-22T15:14:29 IST" duration-ms="950" status="PASS">
          <params>
            <param index="0">
              <value>
                <![CDATA[[TestResult name=test1 status=SUCCESS method=LandingPageTest.test1()[pri:0, instance:testCase.LandingPageTest@7c7a06ec] output={null}]]]>
              </value>
            </param>
          </params>
          <reporter-output>
          </reporter-output>
        </test-method> <!-- tearDown -->
        <test-method is-config="true" signature="beforeMethodInit(java.lang.reflect.Method)[pri:0, instance:testCase.LandingPageTest@7c7a06ec]" started-at="2025-05-22T15:14:29 IST" name="beforeMethodInit" finished-at="2025-05-22T15:14:29 IST" duration-ms="3" status="PASS">
          <params>
            <param index="0">
              <value>
                <![CDATA[public void testCase.LandingPageTest.test2()]]>
              </value>
            </param>
          </params>
          <reporter-output>
          </reporter-output>
        </test-method> <!-- beforeMethodInit -->
        <test-method is-config="true" signature="setupURL()[pri:0, instance:testCase.LandingPageTest@7c7a06ec]" started-at="2025-05-22T15:14:29 IST" name="setupURL" finished-at="2025-05-22T15:14:31 IST" duration-ms="2452" status="PASS">
          <reporter-output>
          </reporter-output>
        </test-method> <!-- setupURL -->
        <test-method signature="test2()[pri:0, instance:testCase.LandingPageTest@7c7a06ec]" started-at="2025-05-22T15:14:31 IST" name="test2" finished-at="2025-05-22T15:14:33 IST" duration-ms="2017" status="PASS">
          <reporter-output>
          </reporter-output>
        </test-method> <!-- test2 -->
        <test-method is-config="true" signature="tearDown(org.testng.ITestResult)[pri:0, instance:testCase.LandingPageTest@7c7a06ec]" started-at="2025-05-22T15:14:33 IST" name="tearDown" finished-at="2025-05-22T15:14:33 IST" duration-ms="74" status="PASS">
          <params>
            <param index="0">
              <value>
                <![CDATA[[TestResult name=test2 status=SUCCESS method=LandingPageTest.test2()[pri:0, instance:testCase.LandingPageTest@7c7a06ec] output={null}]]]>
              </value>
            </param>
          </params>
          <reporter-output>
          </reporter-output>
        </test-method> <!-- tearDown -->
        <test-method is-config="true" signature="tearDown()[pri:0, instance:testCase.LandingPageTest@7c7a06ec]" started-at="2025-05-22T15:14:33 IST" name="tearDown" finished-at="2025-05-22T15:14:33 IST" duration-ms="362" status="PASS">
          <reporter-output>
          </reporter-output>
        </test-method> <!-- tearDown -->
      </class> <!-- testCase.LandingPageTest -->
      <class name="testCase.YoutubeTest">
        <test-method is-config="true" signature="setup(java.lang.String)[pri:0, instance:testCase.YoutubeTest@6150c3ec]" started-at="2025-05-22T15:14:33 IST" name="setup" finished-at="2025-05-22T15:14:35 IST" duration-ms="1283" status="PASS">
          <params>
            <param index="0">
              <value>
                <![CDATA[edge]]>
              </value>
            </param>
          </params>
          <reporter-output>
          </reporter-output>
        </test-method> <!-- setup -->
        <test-method is-config="true" signature="beforeMethodInit(java.lang.reflect.Method)[pri:0, instance:testCase.YoutubeTest@6150c3ec]" started-at="2025-05-22T15:14:35 IST" name="beforeMethodInit" finished-at="2025-05-22T15:14:35 IST" duration-ms="1" status="PASS">
          <params>
            <param index="0">
              <value>
                <![CDATA[public void testCase.YoutubeTest.test1()]]>
              </value>
            </param>
          </params>
          <reporter-output>
          </reporter-output>
        </test-method> <!-- beforeMethodInit -->
        <test-method is-config="true" signature="setupURL()[pri:0, instance:testCase.YoutubeTest@6150c3ec]" started-at="2025-05-22T15:14:35 IST" name="setupURL" finished-at="2025-05-22T15:14:39 IST" duration-ms="4388" status="PASS">
          <reporter-output>
          </reporter-output>
        </test-method> <!-- setupURL -->
        <test-method signature="test1()[pri:0, instance:testCase.YoutubeTest@6150c3ec]" started-at="2025-05-22T15:14:39 IST" name="test1" finished-at="2025-05-22T15:14:40 IST" duration-ms="1143" status="PASS">
          <reporter-output>
          </reporter-output>
        </test-method> <!-- test1 -->
        <test-method is-config="true" signature="tearDown(org.testng.ITestResult)[pri:0, instance:testCase.YoutubeTest@6150c3ec]" started-at="2025-05-22T15:14:40 IST" name="tearDown" finished-at="2025-05-22T15:14:40 IST" duration-ms="66" status="PASS">
          <params>
            <param index="0">
              <value>
                <![CDATA[[TestResult name=test1 status=SUCCESS method=YoutubeTest.test1()[pri:0, instance:testCase.YoutubeTest@6150c3ec] output={null}]]]>
              </value>
            </param>
          </params>
          <reporter-output>
          </reporter-output>
        </test-method> <!-- tearDown -->
        <test-method is-config="true" signature="tearDown()[pri:0, instance:testCase.YoutubeTest@6150c3ec]" started-at="2025-05-22T15:14:40 IST" name="tearDown" finished-at="2025-05-22T15:14:41 IST" duration-ms="342" status="PASS">
          <reporter-output>
          </reporter-output>
        </test-method> <!-- tearDown -->
      </class> <!-- testCase.YoutubeTest -->
    </test> <!-- EdgeTest -->
  </suite> <!-- AmazonSuite -->
</testng-results>
