<?xml version="1.0" encoding="UTF-8"?>
<testng-results ignored="0" total="4" passed="4" failed="0" skipped="0">
  <reporter-output>
  </reporter-output>
  <suite started-at="2025-05-20T00:12:12 IST" name="AmazonSuite" finished-at="2025-05-20T00:12:21 IST" duration-ms="9336">
    <groups>
    </groups>
    <test started-at="2025-05-20T00:12:12 IST" name="ChromeTest" finished-at="2025-05-20T00:12:19 IST" duration-ms="7258">
      <class name="testCase.LandingPageTest">
        <test-method is-config="true" signature="setup(java.lang.String)[pri:0, instance:testCase.LandingPageTest@4d15107f]" started-at="2025-05-20T00:12:12 IST" name="setup" finished-at="2025-05-20T00:12:15 IST" duration-ms="3350" status="PASS">
          <params>
            <param index="0">
              <value>
                <![CDATA[chrome]]>
              </value>
            </param>
          </params>
          <reporter-output>
          </reporter-output>
        </test-method> <!-- setup -->
        <test-method signature="test1()[pri:0, instance:testCase.LandingPageTest@4d15107f]" started-at="2025-05-20T00:12:15 IST" name="test1" finished-at="2025-05-20T00:12:18 IST" duration-ms="3018" status="PASS">
          <reporter-output>
          </reporter-output>
        </test-method> <!-- test1 -->
        <test-method signature="test2()[pri:0, instance:testCase.LandingPageTest@4d15107f]" started-at="2025-05-20T00:12:18 IST" name="test2" finished-at="2025-05-20T00:12:19 IST" duration-ms="513" status="PASS">
          <reporter-output>
          </reporter-output>
        </test-method> <!-- test2 -->
        <test-method is-config="true" signature="tearDown()[pri:0, instance:testCase.LandingPageTest@4d15107f]" started-at="2025-05-20T00:12:19 IST" name="tearDown" finished-at="2025-05-20T00:12:19 IST" duration-ms="323" status="PASS">
          <reporter-output>
          </reporter-output>
        </test-method> <!-- tearDown -->
      </class> <!-- testCase.LandingPageTest -->
    </test> <!-- ChromeTest -->
    <test started-at="2025-05-20T00:12:12 IST" name="EdgeTest" finished-at="2025-05-20T00:12:21 IST" duration-ms="9336">
      <class name="testCase.LandingPageTest">
        <test-method is-config="true" signature="setup(java.lang.String)[pri:0, instance:testCase.LandingPageTest@dd8ba08]" started-at="2025-05-20T00:12:12 IST" name="setup" finished-at="2025-05-20T00:12:17 IST" duration-ms="5109" status="PASS">
          <params>
            <param index="0">
              <value>
                <![CDATA[edge]]>
              </value>
            </param>
          </params>
          <reporter-output>
          </reporter-output>
        </test-method> <!-- setup -->
        <test-method signature="test1()[pri:0, instance:testCase.LandingPageTest@dd8ba08]" started-at="2025-05-20T00:12:17 IST" name="test1" finished-at="2025-05-20T00:12:21 IST" duration-ms="3794" status="PASS">
          <reporter-output>
          </reporter-output>
        </test-method> <!-- test1 -->
        <test-method signature="test2()[pri:0, instance:testCase.LandingPageTest@dd8ba08]" started-at="2025-05-20T00:12:21 IST" name="test2" finished-at="2025-05-20T00:12:21 IST" duration-ms="228" status="PASS">
          <reporter-output>
          </reporter-output>
        </test-method> <!-- test2 -->
        <test-method is-config="true" signature="tearDown()[pri:0, instance:testCase.LandingPageTest@dd8ba08]" started-at="2025-05-20T00:12:21 IST" name="tearDown" finished-at="2025-05-20T00:12:21 IST" duration-ms="186" status="PASS">
          <reporter-output>
          </reporter-output>
        </test-method> <!-- tearDown -->
      </class> <!-- testCase.LandingPageTest -->
    </test> <!-- EdgeTest -->
  </suite> <!-- AmazonSuite -->
</testng-results>
