<?xml version="1.0" encoding="UTF-8"?>
<!-- Generated by org.testng.reporters.JUnitXMLReporter -->
<testsuite ignored="1" hostname="DESKTOP-15AVCL2" failures="0" tests="3" name="EdgeTest" time="27.662" errors="0" timestamp="2025-05-20T23:30:13 IST">
  <testcase classname="testCase.LandingPageTest" name="test1" time="3.806"/>
  <testcase classname="testCase.LandingPageTest" name="test2" time="2.235"/>
  <testcase classname="testCase.YoutubeTest" name="test1" time="1.263"/>
  <testcase classname="driverManager.Base" name="@AfterSuite tearDown2" time="0.0">
    <ignored/>
  </testcase> <!-- @AfterSuite tearDown2 -->
</testsuite> <!-- EdgeTest -->
